C:\USERS\ADMIN\DOCUMENTS\VISUAL STUDIO 2010\PROJECTS\NEW_MINI\NEW_MINI\GENERATEDFILES\QRC_NEW_MINI.CPP
C:\USERS\ADMIN\DOCUMENTS\VISUAL STUDIO 2010\PROJECTS\NEW_MINI\NEW_MINI\GENERATEDFILES\RELEASE\MOC_NEW_MINI.CPP
C:\USERS\ADMIN\DOCUMENTS\VISUAL STUDIO 2010\PROJECTS\NEW_MINI\NEW_MINI\GENERATEDFILES\RELEASE\MOC_TEST.CPP
C:\USERS\ADMIN\DOCUMENTS\VISUAL STUDIO 2010\PROJECTS\NEW_MINI\NEW_MINI\GENERATEDFILES\RELEASE\MOC_WORKTHREAD.CPP
C:\USERS\ADMIN\DOCUMENTS\VISUAL STUDIO 2010\PROJECTS\NEW_MINI\NEW_MINI\GENERATEDFILES\UI_NEW_MINI.H
C:\Users\ADMIN\documents\visual studio 2010\Projects\new_mini\new_mini\Release\cl.command.1.tlog
C:\Users\ADMIN\documents\visual studio 2010\Projects\new_mini\new_mini\Release\CL.read.1.tlog
C:\Users\ADMIN\documents\visual studio 2010\Projects\new_mini\new_mini\Release\CL.write.1.tlog
C:\Users\ADMIN\documents\visual studio 2010\Projects\new_mini\new_mini\Release\custombuild.command.1.tlog
C:\Users\ADMIN\documents\visual studio 2010\Projects\new_mini\new_mini\Release\custombuild.read.1.tlog
C:\Users\ADMIN\documents\visual studio 2010\Projects\new_mini\new_mini\Release\custombuild.write.1.tlog
C:\USERS\ADMIN\DOCUMENTS\VISUAL STUDIO 2010\PROJECTS\NEW_MINI\NEW_MINI\RELEASE\MAIN.OBJ
C:\USERS\ADMIN\DOCUMENTS\VISUAL STUDIO 2010\PROJECTS\NEW_MINI\NEW_MINI\RELEASE\MOC_NEW_MINI.OBJ
C:\USERS\ADMIN\DOCUMENTS\VISUAL STUDIO 2010\PROJECTS\NEW_MINI\NEW_MINI\RELEASE\MOC_TEST.OBJ
C:\USERS\ADMIN\DOCUMENTS\VISUAL STUDIO 2010\PROJECTS\NEW_MINI\NEW_MINI\RELEASE\MOC_WORKTHREAD.OBJ
C:\USERS\ADMIN\DOCUMENTS\VISUAL STUDIO 2010\PROJECTS\NEW_MINI\NEW_MINI\RELEASE\NEW_MINI.OBJ
C:\Users\ADMIN\documents\visual studio 2010\Projects\new_mini\new_mini\Release\new_mini.write.1.tlog
C:\USERS\ADMIN\DOCUMENTS\VISUAL STUDIO 2010\PROJECTS\NEW_MINI\NEW_MINI\RELEASE\QRC_NEW_MINI.OBJ
C:\USERS\ADMIN\DOCUMENTS\VISUAL STUDIO 2010\PROJECTS\NEW_MINI\NEW_MINI\RELEASE\VC100.PDB
C:\USERS\ADMIN\DOCUMENTS\VISUAL STUDIO 2010\PROJECTS\NEW_MINI\NEW_MINI\RELEASE\WORKTHREAD.OBJ
