Build started 2019/12/9 15:21:21.
     1>Project "C:\Users\ADMIN\documents\visual studio 2010\Projects\new_mini\new_mini\new_mini.vcxproj" on node 2 (build target(s)).
     1>InitializeBuildStatus:
         Creating "Debug\new_mini.unsuccessfulbuild" because "AlwaysCreate" was specified.
       CustomBuild:
         Moc'ing new_mini.h...
         Qt: Untested Windows version 6.2 detected!
         Uic'ing new_mini.ui...
         Qt: Untested Windows version 6.2 detected!
         Moc'ing test.h...
         Qt: Untested Windows version 6.2 detected!
         Rcc'ing new_mini.qrc...
         Qt: Untested Windows version 6.2 detected!
       ClCompile:
         C:\Program Files (x86)\Microsoft Visual Studio 10.0\VC\bin\CL.exe /c /I.\GeneratedFiles /I. /IC:\Qt\4.7.4\include /I.\GeneratedFiles\Debug /IC:\Qt\4.7.4\include\QtCore /IC:\Qt\4.7.4\include\QtGui /IC:\Qt\4.7.4\include\QtNetwork /Zi /nologo /W1 /WX- /Od /Oy- /D UNICODE /D WIN32 /D QT_LARGEFILE_SUPPORT /D QT_DLL /D QT_CORE_LIB /D QT_GUI_LIB /D QT_NETWORK_LIB /Gm- /EHsc /MDd /GS /fp:precise /Zc:wchar_t- /Zc:forScope /Fo"Debug\\" /Fd"Debug\vc100.pdb" /Gd /TP /analyze- /errorReport:prompt GeneratedFiles\Debug\moc_new_mini.cpp GeneratedFiles\Debug\moc_test.cpp main.cpp new_mini.cpp test.cpp
         moc_new_mini.cpp
         moc_test.cpp
         main.cpp
         new_mini.cpp
         test.cpp
         Generating Code...
         C:\Program Files (x86)\Microsoft Visual Studio 10.0\VC\bin\CL.exe /c /I.\GeneratedFiles /I. /IC:\Qt\4.7.4\include /I.\GeneratedFiles\Debug /IC:\Qt\4.7.4\include\QtCore /IC:\Qt\4.7.4\include\QtGui /IC:\Qt\4.7.4\include\QtNetwork /Zi /nologo /W1 /WX- /Od /Oy- /D UNICODE /D WIN32 /D QT_LARGEFILE_SUPPORT /D QT_DLL /D QT_CORE_LIB /D QT_GUI_LIB /D QT_NETWORK_LIB /Gm- /EHsc /MDd /GS /fp:precise /Zc:wchar_t- /Zc:forScope /Fo"Debug\\" /Fd"Debug\vc100.pdb" /Gd /TP /analyze- /errorReport:prompt GeneratedFiles\qrc_new_mini.cpp
         qrc_new_mini.cpp
       Link:
         C:\Program Files (x86)\Microsoft Visual Studio 10.0\VC\bin\link.exe /ERRORREPORT:PROMPT /OUT:"C:\Users\ADMIN\documents\visual studio 2010\Projects\new_mini\Win32\Debug\\new_mini.exe" /NOLOGO /LIBPATH:C:\Qt\4.7.4\lib qtmaind.lib QtCored4.lib QtGuid4.lib QtNetworkd4.lib kernel32.lib user32.lib gdi32.lib winspool.lib comdlg32.lib advapi32.lib shell32.lib ole32.lib oleaut32.lib uuid.lib odbc32.lib odbccp32.lib /MANIFEST /ManifestFile:"Debug\new_mini.exe.intermediate.manifest" /MANIFESTUAC:"level='asInvoker' uiAccess='false'" /DEBUG /PDB:"C:\Users\ADMIN\documents\visual studio 2010\Projects\new_mini\Win32\Debug\new_mini.pdb" /SUBSYSTEM:WINDOWS /TLBID:1 /DYNAMICBASE /NXCOMPAT /IMPLIB:"C:\Users\ADMIN\documents\visual studio 2010\Projects\new_mini\Win32\Debug\new_mini.lib" /MACHINE:X86 Debug\moc_new_mini.obj
         Debug\moc_test.obj
         Debug\qrc_new_mini.obj
         Debug\main.obj
         Debug\new_mini.obj
         Debug\test.obj
         LINK : C:\Users\ADMIN\documents\visual studio 2010\Projects\new_mini\Win32\Debug\\new_mini.exe not found or not built by the last incremental link; performing full link
         new_mini.vcxproj -> C:\Users\ADMIN\documents\visual studio 2010\Projects\new_mini\Win32\Debug\new_mini.exe
       Manifest:
         C:\Program Files (x86)\Microsoft SDKs\Windows\v7.0A\bin\mt.exe /nologo /verbose /outputresource:"C:\Users\ADMIN\documents\visual studio 2010\Projects\new_mini\Win32\Debug\\new_mini.exe;#1" /manifest Debug\new_mini.exe.intermediate.manifest
       FinalizeBuildStatus:
         Deleting file "Debug\new_mini.unsuccessfulbuild".
         Touching "Debug\new_mini.lastbuildstate".
     1>Done Building Project "C:\Users\ADMIN\documents\visual studio 2010\Projects\new_mini\new_mini\new_mini.vcxproj" (build target(s)).

Build succeeded.

Time Elapsed 00:00:07.59
